Getting message number: 1
FETCH START TIME: 1384924118151
FETCH END TIME: 1384924118396
FETCH TIME: 245
FETCH START TIME: 1384924118396
FETCH END TIME: 1384924118554
FETCH TIME: 158
FETCH START TIME: 1384924118554
FETCH END TIME: 1384924118708
FETCH TIME: 154
FETCH START TIME: 1384924118709
FETCH END TIME: 1384924118863
FETCH TIME: 154
FETCH START TIME: 1384924118863
FETCH END TIME: 1384924119017
FETCH TIME: 154
FETCH START TIME: 1384924119017
FETCH END TIME: 1384924119167
FETCH TIME: 150
FETCH START TIME: 1384924119167
FETCH END TIME: 1384924119321
FETCH TIME: 154
FETCH START TIME: 1384924119321
FETCH END TIME: 1384924119472
FETCH TIME: 151
FETCH START TIME: 1384924119472
FETCH END TIME: 1384924119625
FETCH TIME: 153
FETCH START TIME: 1384924119625
FETCH END TIME: 1384924119773
FETCH TIME: 148
FETCH START TIME: 1384924119773
FETCH END TIME: 1384924119921
FETCH TIME: 148
FETCH START TIME: 1384924119921
FETCH END TIME: 1384924120068
FETCH TIME: 147
FETCH START TIME: 1384924120068
FETCH END TIME: 1384924120219
FETCH TIME: 151
FETCH START TIME: 1384924120219
FETCH END TIME: 1384924120372
FETCH TIME: 153
FETCH START TIME: 1384924120372
FETCH END TIME: 1384924120521
FETCH TIME: 149
FETCH START TIME: 1384924120521
FETCH END TIME: 1384924120672
FETCH TIME: 151
FETCH START TIME: 1384924120672
FETCH END TIME: 1384924120819
FETCH TIME: 147
FETCH START TIME: 1384924120819
FETCH END TIME: 1384924120971
FETCH TIME: 152
FETCH START TIME: 1384924120971
FETCH END TIME: 1384924121119
FETCH TIME: 148
FETCH START TIME: 1384924121119
FETCH END TIME: 1384924121270
FETCH TIME: 151
FETCH START TIME: 1384924121271
FETCH END TIME: 1384924121414
FETCH TIME: 143
FETCH START TIME: 1384924121414
FETCH END TIME: 1384924121566
FETCH TIME: 152
FETCH START TIME: 1384924121566
FETCH END TIME: 1384924121721
FETCH TIME: 155
FETCH START TIME: 1384924121721
FETCH END TIME: 1384924121869
FETCH TIME: 148
FETCH START TIME: 1384924121869
FETCH END TIME: 1384924122027
FETCH TIME: 158
FETCH START TIME: 1384924122027
FETCH END TIME: 1384924122179
FETCH TIME: 152
FETCH START TIME: 1384924122179
FETCH END TIME: 1384924122327
FETCH TIME: 148
FETCH START TIME: 1384924122327
FETCH END TIME: 1384924122472
FETCH TIME: 145
FETCH START TIME: 1384924122472
FETCH END TIME: 1384924122622
FETCH TIME: 150
FETCH START TIME: 1384924122622
FETCH END TIME: 1384924122773
FETCH TIME: 151
FETCH START TIME: 1384924122773
FETCH END TIME: 1384924122924
FETCH TIME: 151
FETCH START TIME: 1384924122924
FETCH END TIME: 1384924123074
FETCH TIME: 150
FETCH START TIME: 1384924123074
FETCH END TIME: 1384924123224
FETCH TIME: 150
FETCH START TIME: 1384924123224
FETCH END TIME: 1384924123381
FETCH TIME: 157
FETCH START TIME: 1384924123381
FETCH END TIME: 1384924123534
FETCH TIME: 153
FETCH START TIME: 1384924123534
FETCH END TIME: 1384924123686
FETCH TIME: 152
FETCH START TIME: 1384924123686
FETCH END TIME: 1384924123839
FETCH TIME: 153
FETCH START TIME: 1384924123840
FETCH END TIME: 1384924123991
FETCH TIME: 151
FETCH START TIME: 1384924123991
FETCH END TIME: 1384924124141
FETCH TIME: 150
FETCH START TIME: 1384924124141
FETCH END TIME: 1384924124291
FETCH TIME: 150
FETCH START TIME: 1384924124291
FETCH END TIME: 1384924124445
FETCH TIME: 154
FETCH START TIME: 1384924124445
FETCH END TIME: 1384924124597
FETCH TIME: 152
FETCH START TIME: 1384924124597
FETCH END TIME: 1384924124747
FETCH TIME: 150
FETCH START TIME: 1384924124747
FETCH END TIME: 1384924124897
FETCH TIME: 150
FETCH START TIME: 1384924124897
FETCH END TIME: 1384924125050
FETCH TIME: 153
FETCH START TIME: 1384924125050
FETCH END TIME: 1384924125202
FETCH TIME: 152
FETCH START TIME: 1384924125202
FETCH END TIME: 1384924125355
FETCH TIME: 153
FETCH START TIME: 1384924125355
FETCH END TIME: 1384924125506
FETCH TIME: 151
FETCH START TIME: 1384924125506
FETCH END TIME: 1384924125656
FETCH TIME: 150
FETCH START TIME: 1384924125656
FETCH END TIME: 1384924125800
FETCH TIME: 144
FETCH START TIME: 1384924125800
FETCH END TIME: 1384924125951
FETCH TIME: 151
FETCH START TIME: 1384924125951
FETCH END TIME: 1384924126103
FETCH TIME: 152
FETCH START TIME: 1384924126104
FETCH END TIME: 1384924126252
FETCH TIME: 148
FETCH START TIME: 1384924126252
FETCH END TIME: 1384924126401
FETCH TIME: 149
FETCH START TIME: 1384924126401
FETCH END TIME: 1384924126550
FETCH TIME: 149
FETCH START TIME: 1384924126550
FETCH END TIME: 1384924126696
FETCH TIME: 146
FETCH START TIME: 1384924126696
FETCH END TIME: 1384924126846
FETCH TIME: 150
FETCH START TIME: 1384924126846
FETCH END TIME: 1384924126995
FETCH TIME: 149
FETCH START TIME: 1384924126995
FETCH END TIME: 1384924127146
FETCH TIME: 151
FETCH START TIME: 1384924127146
FETCH END TIME: 1384924127306
FETCH TIME: 160
FETCH START TIME: 1384924127307
FETCH END TIME: 1384924127459
FETCH TIME: 152
FETCH START TIME: 1384924127459
FETCH END TIME: 1384924127611
FETCH TIME: 152
FETCH START TIME: 1384924127611
FETCH END TIME: 1384924127762
FETCH TIME: 151
FETCH START TIME: 1384924127762
FETCH END TIME: 1384924127912
FETCH TIME: 150
FETCH START TIME: 1384924127912
FETCH END TIME: 1384924128063
FETCH TIME: 151
FETCH START TIME: 1384924128063
FETCH END TIME: 1384924128213
FETCH TIME: 150
FETCH START TIME: 1384924128213
FETCH END TIME: 1384924128363
FETCH TIME: 150
FETCH START TIME: 1384924128364
FETCH END TIME: 1384924128512
FETCH TIME: 148
FETCH START TIME: 1384924128512
FETCH END TIME: 1384924128661
FETCH TIME: 149
FETCH START TIME: 1384924128661
FETCH END TIME: 1384924128811
FETCH TIME: 150
FETCH START TIME: 1384924128811
FETCH END TIME: 1384924128958
FETCH TIME: 147
FETCH START TIME: 1384924128958
FETCH END TIME: 1384924129110
FETCH TIME: 152
FETCH START TIME: 1384924129110
FETCH END TIME: 1384924129258
FETCH TIME: 148
FETCH START TIME: 1384924129258
FETCH END TIME: 1384924129408
FETCH TIME: 150
FETCH START TIME: 1384924129408
FETCH END TIME: 1384924129555
FETCH TIME: 147
FETCH START TIME: 1384924129555
FETCH END TIME: 1384924129705
FETCH TIME: 150
FETCH START TIME: 1384924129705
FETCH END TIME: 1384924129854
FETCH TIME: 149
FETCH START TIME: 1384924129854
FETCH END TIME: 1384924130006
FETCH TIME: 152
FETCH START TIME: 1384924130006
FETCH END TIME: 1384924130159
FETCH TIME: 153
FETCH START TIME: 1384924130159
FETCH END TIME: 1384924130305
FETCH TIME: 146
FETCH START TIME: 1384924130306
FETCH END TIME: 1384924130452
FETCH TIME: 146
FETCH START TIME: 1384924130452
FETCH END TIME: 1384924130604
FETCH TIME: 152
FETCH START TIME: 1384924130604
FETCH END TIME: 1384924130754
FETCH TIME: 150
FETCH START TIME: 1384924130754
FETCH END TIME: 1384924130907
FETCH TIME: 153
FETCH START TIME: 1384924130907
FETCH END TIME: 1384924131064
FETCH TIME: 157
FETCH START TIME: 1384924131064
FETCH END TIME: 1384924131217
FETCH TIME: 153
FETCH START TIME: 1384924131217
FETCH END TIME: 1384924131376
FETCH TIME: 159
FETCH START TIME: 1384924131376
FETCH END TIME: 1384924131531
FETCH TIME: 155
FETCH START TIME: 1384924131532
FETCH END TIME: 1384924131679
FETCH TIME: 147
FETCH START TIME: 1384924131679
FETCH END TIME: 1384924131826
FETCH TIME: 147
FETCH START TIME: 1384924131827
FETCH END TIME: 1384924131970
FETCH TIME: 143
FETCH START TIME: 1384924131970
FETCH END TIME: 1384924132120
FETCH TIME: 150
FETCH START TIME: 1384924132120
FETCH END TIME: 1384924132268
FETCH TIME: 148
FETCH START TIME: 1384924132268
FETCH END TIME: 1384924132431
FETCH TIME: 163
FETCH START TIME: 1384924132431
FETCH END TIME: 1384924132583
FETCH TIME: 152
FETCH START TIME: 1384924132583
FETCH END TIME: 1384924132737
FETCH TIME: 154
FETCH START TIME: 1384924132737
FETCH END TIME: 1384924132889
FETCH TIME: 152
FETCH START TIME: 1384924132889
FETCH END TIME: 1384924133042
FETCH TIME: 153
FETCH START TIME: 1384924133042
FETCH END TIME: 1384924133194
FETCH TIME: 152
FETCH START TIME: 1384924133194
FETCH END TIME: 1384924133342
FETCH TIME: 148
FETCH START TIME: 1384924133342
FETCH END TIME: 1384924133500
FETCH TIME: 158
FETCH START TIME: 1384924133500
FETCH END TIME: 1384924133654
FETCH TIME: 154
FETCH START TIME: 1384924133654
FETCH END TIME: 1384924133806
FETCH TIME: 152
FETCH START TIME: 1384924133806
FETCH END TIME: 1384924133958
FETCH TIME: 152
FETCH START TIME: 1384924133958
FETCH END TIME: 1384924134110
FETCH TIME: 152
FETCH START TIME: 1384924134110
FETCH END TIME: 1384924134258
FETCH TIME: 148
FETCH START TIME: 1384924134258
FETCH END TIME: 1384924134411
FETCH TIME: 153
FETCH START TIME: 1384924134411
FETCH END TIME: 1384924134561
FETCH TIME: 150
FETCH START TIME: 1384924134561
FETCH END TIME: 1384924134711
FETCH TIME: 150
FETCH START TIME: 1384924134711
FETCH END TIME: 1384924134864
FETCH TIME: 153
FETCH START TIME: 1384924134864
FETCH END TIME: 1384924135015
FETCH TIME: 151
FETCH START TIME: 1384924135015
FETCH END TIME: 1384924135159
FETCH TIME: 144
FETCH START TIME: 1384924135159
FETCH END TIME: 1384924135289
FETCH TIME: 130
time: 17341
