Getting message number: 1
FETCH START TIME: 1384924081562
FETCH END TIME: 1384924081986
FETCH TIME: 424
FETCH START TIME: 1384924081987
FETCH END TIME: 1384924082055
FETCH TIME: 68
FETCH START TIME: 1384924082055
FETCH END TIME: 1384924082125
FETCH TIME: 70
FETCH START TIME: 1384924082125
FETCH END TIME: 1384924082195
FETCH TIME: 70
FETCH START TIME: 1384924082195
FETCH END TIME: 1384924082265
FETCH TIME: 70
FETCH START TIME: 1384924082265
FETCH END TIME: 1384924082335
FETCH TIME: 70
FETCH START TIME: 1384924082335
FETCH END TIME: 1384924082338
FETCH TIME: 3
FETCH START TIME: 1384924082338
FETCH END TIME: 1384924082341
FETCH TIME: 3
FETCH START TIME: 1384924082341
FETCH END TIME: 1384924082344
FETCH TIME: 3
FETCH START TIME: 1384924082344
FETCH END TIME: 1384924082347
FETCH TIME: 3
FETCH START TIME: 1384924082347
FETCH END TIME: 1384924082350
FETCH TIME: 3
FETCH START TIME: 1384924082350
FETCH END TIME: 1384924082353
FETCH TIME: 3
FETCH START TIME: 1384924082353
FETCH END TIME: 1384924082356
FETCH TIME: 3
FETCH START TIME: 1384924082356
FETCH END TIME: 1384924082359
FETCH TIME: 3
FETCH START TIME: 1384924082359
FETCH END TIME: 1384924082362
FETCH TIME: 3
FETCH START TIME: 1384924082362
FETCH END TIME: 1384924082365
FETCH TIME: 3
FETCH START TIME: 1384924082365
FETCH END TIME: 1384924082368
FETCH TIME: 3
FETCH START TIME: 1384924082368
FETCH END TIME: 1384924082371
FETCH TIME: 3
FETCH START TIME: 1384924082371
FETCH END TIME: 1384924082374
FETCH TIME: 3
FETCH START TIME: 1384924082374
FETCH END TIME: 1384924082377
FETCH TIME: 3
FETCH START TIME: 1384924082377
FETCH END TIME: 1384924082380
FETCH TIME: 3
FETCH START TIME: 1384924082380
FETCH END TIME: 1384924082383
FETCH TIME: 3
FETCH START TIME: 1384924082383
FETCH END TIME: 1384924082386
FETCH TIME: 3
FETCH START TIME: 1384924082386
FETCH END TIME: 1384924082389
FETCH TIME: 3
FETCH START TIME: 1384924082389
FETCH END TIME: 1384924082392
FETCH TIME: 3
FETCH START TIME: 1384924082392
FETCH END TIME: 1384924082395
FETCH TIME: 3
FETCH START TIME: 1384924082395
FETCH END TIME: 1384924082398
FETCH TIME: 3
FETCH START TIME: 1384924082398
FETCH END TIME: 1384924082401
FETCH TIME: 3
FETCH START TIME: 1384924082401
FETCH END TIME: 1384924082404
FETCH TIME: 3
FETCH START TIME: 1384924082404
FETCH END TIME: 1384924082407
FETCH TIME: 3
FETCH START TIME: 1384924082407
FETCH END TIME: 1384924082410
FETCH TIME: 3
FETCH START TIME: 1384924082410
FETCH END TIME: 1384924082413
FETCH TIME: 3
FETCH START TIME: 1384924082413
FETCH END TIME: 1384924082416
FETCH TIME: 3
FETCH START TIME: 1384924082416
FETCH END TIME: 1384924082419
FETCH TIME: 3
FETCH START TIME: 1384924082419
FETCH END TIME: 1384924082422
FETCH TIME: 3
FETCH START TIME: 1384924082422
FETCH END TIME: 1384924082425
FETCH TIME: 3
FETCH START TIME: 1384924082425
FETCH END TIME: 1384924082428
FETCH TIME: 3
FETCH START TIME: 1384924082428
FETCH END TIME: 1384924082431
FETCH TIME: 3
FETCH START TIME: 1384924082431
FETCH END TIME: 1384924082434
FETCH TIME: 3
FETCH START TIME: 1384924082434
FETCH END TIME: 1384924082437
FETCH TIME: 3
FETCH START TIME: 1384924082437
FETCH END TIME: 1384924082440
FETCH TIME: 3
FETCH START TIME: 1384924082440
FETCH END TIME: 1384924082443
FETCH TIME: 3
FETCH START TIME: 1384924082443
FETCH END TIME: 1384924082446
FETCH TIME: 3
FETCH START TIME: 1384924082446
FETCH END TIME: 1384924082449
FETCH TIME: 3
FETCH START TIME: 1384924082449
FETCH END TIME: 1384924082452
FETCH TIME: 3
FETCH START TIME: 1384924082452
FETCH END TIME: 1384924082455
FETCH TIME: 3
FETCH START TIME: 1384924082455
FETCH END TIME: 1384924082458
FETCH TIME: 3
FETCH START TIME: 1384924082458
FETCH END TIME: 1384924082461
FETCH TIME: 3
FETCH START TIME: 1384924082461
FETCH END TIME: 1384924082464
FETCH TIME: 3
FETCH START TIME: 1384924082464
FETCH END TIME: 1384924082467
FETCH TIME: 3
FETCH START TIME: 1384924082467
FETCH END TIME: 1384924082470
FETCH TIME: 3
FETCH START TIME: 1384924082470
FETCH END TIME: 1384924082473
FETCH TIME: 3
FETCH START TIME: 1384924082473
FETCH END TIME: 1384924082476
FETCH TIME: 3
FETCH START TIME: 1384924082476
FETCH END TIME: 1384924082479
FETCH TIME: 3
FETCH START TIME: 1384924082479
FETCH END TIME: 1384924082482
FETCH TIME: 3
FETCH START TIME: 1384924082482
FETCH END TIME: 1384924082485
FETCH TIME: 3
FETCH START TIME: 1384924082485
FETCH END TIME: 1384924082488
FETCH TIME: 3
FETCH START TIME: 1384924082488
FETCH END TIME: 1384924082491
FETCH TIME: 3
FETCH START TIME: 1384924082491
FETCH END TIME: 1384924082494
FETCH TIME: 3
FETCH START TIME: 1384924082494
FETCH END TIME: 1384924082497
FETCH TIME: 3
FETCH START TIME: 1384924082497
FETCH END TIME: 1384924082500
FETCH TIME: 3
FETCH START TIME: 1384924082500
FETCH END TIME: 1384924082503
FETCH TIME: 3
FETCH START TIME: 1384924082503
FETCH END TIME: 1384924082506
FETCH TIME: 3
FETCH START TIME: 1384924082506
FETCH END TIME: 1384924082509
FETCH TIME: 3
FETCH START TIME: 1384924082509
FETCH END TIME: 1384924082512
FETCH TIME: 3
FETCH START TIME: 1384924082512
FETCH END TIME: 1384924082515
FETCH TIME: 3
FETCH START TIME: 1384924082515
FETCH END TIME: 1384924082518
FETCH TIME: 3
FETCH START TIME: 1384924082518
FETCH END TIME: 1384924082521
FETCH TIME: 3
FETCH START TIME: 1384924082521
FETCH END TIME: 1384924082524
FETCH TIME: 3
FETCH START TIME: 1384924082524
FETCH END TIME: 1384924082527
FETCH TIME: 3
FETCH START TIME: 1384924082527
FETCH END TIME: 1384924082530
FETCH TIME: 3
FETCH START TIME: 1384924082530
FETCH END TIME: 1384924082533
FETCH TIME: 3
FETCH START TIME: 1384924082533
FETCH END TIME: 1384924082536
FETCH TIME: 3
FETCH START TIME: 1384924082536
FETCH END TIME: 1384924082539
FETCH TIME: 3
FETCH START TIME: 1384924082539
FETCH END TIME: 1384924082542
FETCH TIME: 3
FETCH START TIME: 1384924082542
FETCH END TIME: 1384924082545
FETCH TIME: 3
FETCH START TIME: 1384924082545
FETCH END TIME: 1384924082548
FETCH TIME: 3
FETCH START TIME: 1384924082548
FETCH END TIME: 1384924082551
FETCH TIME: 3
FETCH START TIME: 1384924082551
FETCH END TIME: 1384924082554
FETCH TIME: 3
FETCH START TIME: 1384924082554
FETCH END TIME: 1384924082557
FETCH TIME: 3
FETCH START TIME: 1384924082557
FETCH END TIME: 1384924082560
FETCH TIME: 3
FETCH START TIME: 1384924082560
FETCH END TIME: 1384924082563
FETCH TIME: 3
FETCH START TIME: 1384924082563
FETCH END TIME: 1384924082566
FETCH TIME: 3
FETCH START TIME: 1384924082566
FETCH END TIME: 1384924082569
FETCH TIME: 3
FETCH START TIME: 1384924082569
FETCH END TIME: 1384924082572
FETCH TIME: 3
FETCH START TIME: 1384924082572
FETCH END TIME: 1384924082575
FETCH TIME: 3
FETCH START TIME: 1384924082576
FETCH END TIME: 1384924082579
FETCH TIME: 3
FETCH START TIME: 1384924082579
FETCH END TIME: 1384924082582
FETCH TIME: 3
FETCH START TIME: 1384924082582
FETCH END TIME: 1384924082585
FETCH TIME: 3
FETCH START TIME: 1384924082585
FETCH END TIME: 1384924082588
FETCH TIME: 3
FETCH START TIME: 1384924082588
FETCH END TIME: 1384924082591
FETCH TIME: 3
FETCH START TIME: 1384924082591
FETCH END TIME: 1384924082594
FETCH TIME: 3
FETCH START TIME: 1384924082594
FETCH END TIME: 1384924082597
FETCH TIME: 3
FETCH START TIME: 1384924082597
FETCH END TIME: 1384924082600
FETCH TIME: 3
FETCH START TIME: 1384924082600
FETCH END TIME: 1384924082603
FETCH TIME: 3
FETCH START TIME: 1384924082603
FETCH END TIME: 1384924082606
FETCH TIME: 3
FETCH START TIME: 1384924082606
FETCH END TIME: 1384924082609
FETCH TIME: 3
FETCH START TIME: 1384924082609
FETCH END TIME: 1384924082612
FETCH TIME: 3
FETCH START TIME: 1384924082612
FETCH END TIME: 1384924082615
FETCH TIME: 3
FETCH START TIME: 1384924082615
FETCH END TIME: 1384924082618
FETCH TIME: 3
FETCH START TIME: 1384924082618
FETCH END TIME: 1384924082621
FETCH TIME: 3
FETCH START TIME: 1384924082621
FETCH END TIME: 1384924082624
FETCH TIME: 3
FETCH START TIME: 1384924082624
FETCH END TIME: 1384924082627
FETCH TIME: 3
FETCH START TIME: 1384924082627
FETCH END TIME: 1384924082630
FETCH TIME: 3
FETCH START TIME: 1384924082630
FETCH END TIME: 1384924082633
FETCH TIME: 3
FETCH START TIME: 1384924082633
FETCH END TIME: 1384924082636
FETCH TIME: 3
FETCH START TIME: 1384924082636
FETCH END TIME: 1384924082639
FETCH TIME: 3
FETCH START TIME: 1384924082639
FETCH END TIME: 1384924082642
FETCH TIME: 3
FETCH START TIME: 1384924082642
FETCH END TIME: 1384924082645
FETCH TIME: 3
FETCH START TIME: 1384924082645
FETCH END TIME: 1384924082648
FETCH TIME: 3
FETCH START TIME: 1384924082648
FETCH END TIME: 1384924082651
FETCH TIME: 3
FETCH START TIME: 1384924082651
FETCH END TIME: 1384924082654
FETCH TIME: 3
FETCH START TIME: 1384924082654
FETCH END TIME: 1384924082656
FETCH TIME: 2
time: 1108
